This is pdfTeX, Version 3.14159265-2.6-1.40.20 (TeX Live 2019) (preloaded format=pdflatex 2020.1.14)  26 MAR 2020 13:34
entering extended mode
 restricted \write18 enabled.
 file:line:error style messages enabled.
 %&-line parsing enabled.
**ref.bib
(./ref.bib
LaTeX2e <2018-12-01>

./ref.bib:10: LaTeX Error: Missing \begin{document}.

See the LaTeX manual or LaTeX Companion for explanation.
Type  H <return>  for immediate help.
 ...                                              
                                                  
l.10 @
      inproceedings{Wesolowski19,
? 
./ref.bib:10: Emergency stop.
 ...                                              
                                                  
l.10 @
      inproceedings{Wesolowski19,
You're in trouble here.  Try typing  <return>  to proceed.
If that doesn't work, type  X <return>  to quit.

 
Here is how much of TeX's memory you used:
 6 strings out of 492609
 245 string characters out of 6129048
 57613 words of memory out of 5000000
 4026 multiletter control sequences out of 15000+600000
 3640 words of font info for 14 fonts, out of 8000000 for 9000
 1141 hyphenation exceptions out of 8191
 5i,0n,4p,69b,14s stack positions out of 5000i,500n,10000p,200000b,80000s
./ref.bib:10:  ==> Fatal error occurred, no output PDF file produced!
